1644058488270:help
1644058492626:exit
1644058521694:help
1644058528966:exit
1644058816735:help
1644058819946:Test
1644058828574:test
1644058837879:exit
1644059099188:test
1644061312743:help
1644061316832:Count
1644061324726:Count test
1644061802769:help
1644061805424:count
1644061807961:count test
1644063012588:test
1644063015428:help
1644063018871:drain test
1644063087851:exit
1644063142762:test
1644063146078:drain test
1644063371153:help
1644063374096:count test
1644063434147:drain test
1644063499070:count test
1644063577828:drain test
1644063656657:stacktrace
1644063712918:drain test
1644063747059:total test
1644063749491:count test
1644063803070:drain test
1644064098975:count test
1644064105445:drain test
1644064117316:exit
1644064289665:drain test
1644066338995:count test
1644066374235:drain test
1644069355426:stacktrace
1644069369817:count test
1644069403126:drain test
1644069731450:count test
1644069776372:drain test
1644070104897:count test
1644070111681:drain test
1644070228375:count test
1644070238051:drain test
1644070701983:count test
1644070929086:drain test
1644071689095:count test
1644071699632:drain test
1644072096883:count test
1644072127567:drain test
1644072205564:count test
1644072436283:drain test
1644072654197:count test
1644072673036:drain test
1644072849953:count test
1644072882686:drain test
1644074291233:count test
1644080023292:drain test
1644081202744:count test
1644081228445:drain test
1644082474704:count test
1644083271638:ount test
1644083273760:count test
1644083335619:drain test
1644165508329:help
1644165511689:count test
1644165541931:exit
1644170687432:help
1644170689213:count
1644170695772:count test
1644171180060:drain test
1644172144743:count test
